<?xml version="1.0" encoding="UTF-8"?>
<testsuite name="ClientTest" tests="3" skipped="0" failures="0" errors="0" timestamp="2015-08-30T03:45:20" hostname="Archanas-MBP.home" time="0.051">
  <properties/>
  <testcase name="all_emptyAtFirst" classname="ClientTest" time="0.016"/>
  <testcase name="equals_returnsTrueIfClientsAretheSame" classname="ClientTest" time="0.009"/>
  <testcase name="save_assignsIdToObject" classname="ClientTest" time="0.025"/>
  <system-out><![CDATA[]]></system-out>
  <system-err><![CDATA[]]></system-err>
</testsuite>
