<?xml version="1.0" encoding="UTF-8"?>
<testsuite name="AppIntegrationTest" tests="5" skipped="0" failures="0" errors="0" timestamp="2015-08-30T03:45:19" hostname="Archanas-MBP.home" time="0.881">
  <properties/>
  <testcase name="stylistIsCreated" classname="AppIntegrationTest" time="0.52"/>
  <testcase name="clientIsUpdated" classname="AppIntegrationTest" time="0.084"/>
  <testcase name="rootTest" classname="AppIntegrationTest" time="0.076"/>
  <testcase name="clientIsCreated" classname="AppIntegrationTest" time="0.08"/>
  <testcase name="stylistIsUpdated" classname="AppIntegrationTest" time="0.089"/>
  <system-out><![CDATA[]]></system-out>
  <system-err><![CDATA[[Thread-4] INFO spark.webserver.SparkServer - == Spark has ignited ...
[Thread-4] INFO spark.webserver.SparkServer - >> Listening on 0.0.0.0:4567
[Thread-4] INFO org.eclipse.jetty.server.Server - jetty-9.0.2.v20130417
[Thread-4] INFO org.eclipse.jetty.server.ServerConnector - Started ServerConnector@52696373{HTTP/1.1}{0.0.0.0:4567}
[Test worker] INFO spark.webserver.SparkServer - >>> Spark shutting down ...
[Test worker] INFO org.eclipse.jetty.server.Server - Graceful shutdown org.eclipse.jetty.server.Server@7a8654b3 by 
[Test worker] INFO org.eclipse.jetty.server.ServerConnector - Stopped ServerConnector@52696373{HTTP/1.1}{0.0.0.0:4567}
[Test worker] INFO spark.webserver.SparkServer - done
]]></system-err>
</testsuite>
